Begin Incremental Netlisting Feb  3 22:58:23 2024
ERROR (OSSHNL-109): The cellview 'ece4740/lab1sim/schematic' has been modified
since the last extraction. Validate
that the schematic is correct and run Check
and Save to correct this error.

End netlisting Feb  3 22:58:23 2024
Begin Incremental Netlisting Feb  3 22:59:11 2024
ERROR (OSSHNL-109): The cellview 'ece4740/lab1sim/schematic' has been modified
since the last extraction. Validate
that the schematic is correct and run Check
and Save to correct this error.

End netlisting Feb  3 22:59:11 2024
Begin Incremental Netlisting Feb  3 23:01:03 2024
ERROR (OSSHNL-109): The cellview 'ece4740/lab1sim/schematic' has been modified
since the last extraction. Validate
that the schematic is correct and run Check
and Save to correct this error.

End netlisting Feb  3 23:01:03 2024
Begin Incremental Netlisting Feb  3 23:03:47 2024
End netlisting Feb  3 23:03:47 2024
